2016-11-22 18:13:03 trace :
------------
String:
<xml><ToUserName><![CDATA[gh_3496a9c1c454]]></ToUserName>
<FromUserName><![CDATA[oKMr3srQuWpSwlzD382XDfbG8HZI]]></FromUserName>
<CreateTime>1479809583</CreateTime>
<MsgType><![CDATA[text]]></MsgType>
<Content><![CDATA[山药]]></Content>
<MsgId>6355733763788704624</MsgId>
</xml>

2016-11-22 18:13:03 params :
------------
Array:
message : Array ;
module : ykbl_robot ;
rule : 26 ;
priority : 0 ;
context : 1 ;

2016-11-22 18:13:03 response :
------------
Array:
FromUserName : gh_3496a9c1c454 ;
ToUserName : oKMr3srQuWpSwlzD382XDfbG8HZI ;
MsgType : text ;
Content : 不是现在的山财大 ;

2016-11-22 18:13:18 trace :
------------
String:
<xml><ToUserName><![CDATA[gh_3496a9c1c454]]></ToUserName>
<FromUserName><![CDATA[oKMr3srQuWpSwlzD382XDfbG8HZI]]></FromUserName>
<CreateTime>1479809598</CreateTime>
<MsgType><![CDATA[text]]></MsgType>
<Content><![CDATA[山药]]></Content>
<MsgId>6355733828213214071</MsgId>
</xml>

2016-11-22 18:13:18 params :
------------
Array:
message : Array ;
module : ykbl_robot ;
rule : 26 ;
priority : 0 ;
context : 1 ;

2016-11-22 18:13:18 response :
------------
Array:
FromUserName : gh_3496a9c1c454 ;
ToUserName : oKMr3srQuWpSwlzD382XDfbG8HZI ;
MsgType : text ;
Content : 不是现在的山财大 ;

2016-11-22 18:14:09 trace :
------------
String:
<xml><ToUserName><![CDATA[gh_3496a9c1c454]]></ToUserName>
<FromUserName><![CDATA[oKMr3srQuWpSwlzD382XDfbG8HZI]]></FromUserName>
<CreateTime>1479809649</CreateTime>
<MsgType><![CDATA[text]]></MsgType>
<Content><![CDATA[山药]]></Content>
<MsgId>6355734047256546182</MsgId>
</xml>

2016-11-22 18:14:09 params :
------------
Array:
message : Array ;
module : ykbl_robot ;
rule : 26 ;
priority : 0 ;
context : 1 ;

2016-11-22 18:14:09 response :
------------
Array:
errno : -1 ;
message : Invaild value ;

2016-11-22 18:14:31 trace :
------------
String:
<xml><ToUserName><![CDATA[gh_3496a9c1c454]]></ToUserName>
<FromUserName><![CDATA[oKMr3srQuWpSwlzD382XDfbG8HZI]]></FromUserName>
<CreateTime>1479809671</CreateTime>
<MsgType><![CDATA[text]]></MsgType>
<Content><![CDATA[蓝瘦香菇]]></Content>
<MsgId>6355734141745826696</MsgId>
</xml>

2016-11-22 18:14:31 params :
------------
Array:
message : Array ;
module : ykbl_robot ;
rule : 26 ;
priority : 0 ;
context : 1 ;

2016-11-22 18:14:31 response :
------------
Array:
errno : -1 ;
message : Invaild value ;

2016-11-22 18:15:10 trace :
------------
String:
<xml><ToUserName><![CDATA[gh_3496a9c1c454]]></ToUserName>
<FromUserName><![CDATA[oKMr3srQuWpSwlzD382XDfbG8HZI]]></FromUserName>
<CreateTime>1479809710</CreateTime>
<MsgType><![CDATA[text]]></MsgType>
<Content><![CDATA[蓝瘦香菇 ]]></Content>
<MsgId>6355734309249551252</MsgId>
</xml>

2016-11-22 18:15:10 params :
------------
Array:
message : Array ;
module : ykbl_robot ;
rule : 26 ;
priority : 0 ;
context : 1 ;

2016-11-22 18:15:10 response :
------------
Array:
FromUserName : gh_3496a9c1c454 ;
ToUserName : oKMr3srQuWpSwlzD382XDfbG8HZI ;
MsgType : text ;
Content : 称谓“??”是一种称谓，广东人孙儿称奶奶为“??”，就是北方人所称的奶奶。在皖西南地区，“??”是一种方言称谓，和“伯母”同意。 ??收录于李克勤2009年12月30日推出的个人专辑《Threesome》描述亲情，有关生老病死的老人问题，由林夕填写，克勤特别用上 Analogue 制式录音，唱出最原始的感情味道。 歌词 作曲： Vincent Chow 填词： 林夕 编曲： Ted Lo 监... ;

2016-11-22 18:15:25 trace :
------------
String:
<xml><ToUserName><![CDATA[gh_3496a9c1c454]]></ToUserName>
<FromUserName><![CDATA[oKMr3srQuWpSwlzD382XDfbG8HZI]]></FromUserName>
<CreateTime>1479809725</CreateTime>
<MsgType><![CDATA[text]]></MsgType>
<Content><![CDATA[蓝瘦香菇 ]]></Content>
<MsgId>6355734373674060695</MsgId>
</xml>

2016-11-22 18:15:25 params :
------------
Array:
message : Array ;
module : ykbl_robot ;
rule : 26 ;
priority : 0 ;
context : 1 ;

2016-11-22 18:15:25 response :
------------
Array:
FromUserName : gh_3496a9c1c454 ;
ToUserName : oKMr3srQuWpSwlzD382XDfbG8HZI ;
MsgType : text ;
Content : 称谓“??”是一种称谓，广东人孙儿称奶奶为“??”，就是北方人所称的奶奶。在皖西南地区，“??”是一种方言称谓，和“伯母”同意。 ??收录于李克勤2009年12月30日推出的个人专辑《Threesome》描述亲情，有关生老病死的老人问题，由林夕填写，克勤特别用上 Analogue 制式录音，唱出最原始的感情味道。 歌词 作曲： Vincent Chow 填词： 林夕 编曲： Ted Lo 监... ;

2016-11-22 18:15:41 trace :
------------
String:
<xml><ToUserName><![CDATA[gh_3496a9c1c454]]></ToUserName>
<FromUserName><![CDATA[oKMr3srQuWpSwlzD382XDfbG8HZI]]></FromUserName>
<CreateTime>1479809741</CreateTime>
<MsgType><![CDATA[text]]></MsgType>
<Content><![CDATA[北京]]></Content>
<MsgId>6355734442393537436</MsgId>
</xml>

2016-11-22 18:15:42 params :
------------
Array:
message : Array ;
module : ykbl_robot ;
rule : 26 ;
priority : 0 ;
context : 1 ;

2016-11-22 18:15:42 response :
------------
Array:
FromUserName : gh_3496a9c1c454 ;
ToUserName : oKMr3srQuWpSwlzD382XDfbG8HZI ;
MsgType : text ;
Content : 不是京京没这个叶子细长 ;

2016-11-22 18:15:51 trace :
------------
String:
<xml><ToUserName><![CDATA[gh_3496a9c1c454]]></ToUserName>
<FromUserName><![CDATA[oKMr3srQuWpSwlzD382XDfbG8HZI]]></FromUserName>
<CreateTime>1479809751</CreateTime>
<MsgType><![CDATA[text]]></MsgType>
<Content><![CDATA[奥巴马]]></Content>
<MsgId>6355734485343210402</MsgId>
</xml>

2016-11-22 18:15:51 params :
------------
Array:
message : Array ;
module : ykbl_robot ;
rule : 26 ;
priority : 0 ;
context : 1 ;

2016-11-22 18:15:51 response :
------------
Array:
FromUserName : gh_3496a9c1c454 ;
ToUserName : oKMr3srQuWpSwlzD382XDfbG8HZI ;
MsgType : text ;
Content : 比身份比不过奥巴马 ;

2016-11-22 18:16:13 trace :
------------
String:
<xml><ToUserName><![CDATA[gh_3496a9c1c454]]></ToUserName>
<FromUserName><![CDATA[oKMr3srQuWpSwlzD382XDfbG8HZI]]></FromUserName>
<CreateTime>1479809773</CreateTime>
<MsgType><![CDATA[text]]></MsgType>
<Content><![CDATA[奥巴马]]></Content>
<MsgId>6355734579832490922</MsgId>
</xml>

2016-11-22 18:16:14 params :
------------
Array:
message : Array ;
module : ykbl_robot ;
rule : 26 ;
priority : 0 ;
context : 1 ;

2016-11-22 18:16:14 response :
------------
Array:
errno : -1 ;
message : Invaild value ;

2016-11-22 18:16:20 trace :
------------
String:
<xml><ToUserName><![CDATA[gh_3496a9c1c454]]></ToUserName>
<FromUserName><![CDATA[oKMr3srQuWpSwlzD382XDfbG8HZI]]></FromUserName>
<CreateTime>1479809780</CreateTime>
<MsgType><![CDATA[text]]></MsgType>
<Content><![CDATA[你好吗]]></Content>
<MsgId>6355734609897261996</MsgId>
</xml>

2016-11-22 18:16:20 params :
------------
Array:
message : Array ;
module : ykbl_robot ;
rule : 26 ;
priority : 0 ;
context : 1 ;

2016-11-22 18:16:20 response :
------------
Array:
errno : -1 ;
message : Invaild value ;

2016-11-22 18:16:27 trace :
------------
String:
<xml><ToUserName><![CDATA[gh_3496a9c1c454]]></ToUserName>
<FromUserName><![CDATA[oKMr3srQuWpSwlzD382XDfbG8HZI]]></FromUserName>
<CreateTime>1479809787</CreateTime>
<MsgType><![CDATA[text]]></MsgType>
<Content><![CDATA[我也很好]]></Content>
<MsgId>6355734639962033071</MsgId>
</xml>

2016-11-22 18:16:28 params :
------------
Array:
message : Array ;
module : ykbl_robot ;
rule : 26 ;
priority : 0 ;
context : 1 ;

2016-11-22 18:16:28 response :
------------
Array:
errno : -1 ;
message : Invaild value ;

2016-11-22 18:16:51 trace :
------------
String:
<xml><ToUserName><![CDATA[gh_3496a9c1c454]]></ToUserName>
<FromUserName><![CDATA[oKMr3srQuWpSwlzD382XDfbG8HZI]]></FromUserName>
<CreateTime>1479809811</CreateTime>
<MsgType><![CDATA[text]]></MsgType>
<Content><![CDATA[爱奇艺链接]]></Content>
<MsgId>6355734743041248181</MsgId>
</xml>

2016-11-22 18:16:51 params :
------------
Array:
message : Array ;
module : ykbl_robot ;
rule : 26 ;
priority : 0 ;
context : 1 ;

2016-11-22 18:16:51 response :
------------
Array:
errno : -1 ;
message : Invaild value ;

2016-11-22 18:16:59 trace :
------------
String:
<xml><ToUserName><![CDATA[gh_3496a9c1c454]]></ToUserName>
<FromUserName><![CDATA[oKMr3srQuWpSwlzD382XDfbG8HZI]]></FromUserName>
<CreateTime>1479809818</CreateTime>
<MsgType><![CDATA[text]]></MsgType>
<Content><![CDATA[爱奇艺网址]]></Content>
<MsgId>6355734773106019259</MsgId>
</xml>

2016-11-22 18:16:59 params :
------------
Array:
message : Array ;
module : ykbl_robot ;
rule : 26 ;
priority : 0 ;
context : 1 ;

2016-11-22 18:16:59 response :
------------
Array:
errno : -1 ;
message : Invaild value ;

2016-11-22 18:17:06 trace :
------------
String:
<xml><ToUserName><![CDATA[gh_3496a9c1c454]]></ToUserName>
<FromUserName><![CDATA[oKMr3srQuWpSwlzD382XDfbG8HZI]]></FromUserName>
<CreateTime>1479809825</CreateTime>
<MsgType><![CDATA[text]]></MsgType>
<Content><![CDATA[爱奇艺网站]]></Content>
<MsgId>6355734803170790333</MsgId>
</xml>

2016-11-22 18:17:06 params :
------------
Array:
message : Array ;
module : ykbl_robot ;
rule : 26 ;
priority : 0 ;
context : 1 ;

2016-11-22 18:17:06 response :
------------
Array:
errno : -1 ;
message : Invaild value ;

2016-11-22 18:17:27 trace :
------------
String:
<xml><ToUserName><![CDATA[gh_3496a9c1c454]]></ToUserName>
<FromUserName><![CDATA[oKMr3srQuWpSwlzD382XDfbG8HZI]]></FromUserName>
<CreateTime>1479809847</CreateTime>
<MsgType><![CDATA[text]]></MsgType>
<Content><![CDATA[你媳妇呢]]></Content>
<MsgId>6355734897660070852</MsgId>
</xml>

2016-11-22 18:17:27 params :
------------
Array:
message : Array ;
module : ykbl_robot ;
rule : 26 ;
priority : 0 ;
context : 1 ;

2016-11-22 18:17:27 response :
------------
Array:
errno : -1 ;
message : Invaild value ;

2016-11-22 18:17:42 trace :
------------
String:
<xml><ToUserName><![CDATA[gh_3496a9c1c454]]></ToUserName>
<FromUserName><![CDATA[oKMr3srQuWpSwlzD382XDfbG8HZI]]></FromUserName>
<CreateTime>1479809862</CreateTime>
<MsgType><![CDATA[text]]></MsgType>
<Content><![CDATA[你媳妇呢]]></Content>
<MsgId>6355734962084580297</MsgId>
</xml>

2016-11-22 18:17:42 params :
------------
Array:
message : Array ;
module : ykbl_robot ;
rule : 26 ;
priority : 0 ;
context : 1 ;

2016-11-22 18:17:42 response :
------------
Array:
FromUserName : gh_3496a9c1c454 ;
ToUserName : oKMr3srQuWpSwlzD382XDfbG8HZI ;
MsgType : text ;
Content : 我是图灵机器人，我没媳妇。 ;

2016-11-22 18:17:59 trace :
------------
String:
<xml><ToUserName><![CDATA[gh_3496a9c1c454]]></ToUserName>
<FromUserName><![CDATA[oKMr3srQuWpSwlzD382XDfbG8HZI]]></FromUserName>
<CreateTime>1479809879</CreateTime>
<MsgType><![CDATA[text]]></MsgType>
<Content><![CDATA[你好吗]]></Content>
<MsgId>6355735035099024344</MsgId>
</xml>

2016-11-22 18:17:59 params :
------------
Array:
message : Array ;
module : ykbl_robot ;
rule : 26 ;
priority : 0 ;
context : 1 ;

2016-11-22 18:17:59 response :
------------
Array:
FromUserName : gh_3496a9c1c454 ;
ToUserName : oKMr3srQuWpSwlzD382XDfbG8HZI ;
MsgType : text ;
Content : 嘿嘿，你好我好，大家都好~ ;

2016-11-22 18:19:13 trace :
------------
String:
<xml><ToUserName><![CDATA[gh_3496a9c1c454]]></ToUserName>
<FromUserName><![CDATA[oKMr3srQuWpSwlzD382XDfbG8HZI]]></FromUserName>
<CreateTime>1479809953</CreateTime>
<MsgType><![CDATA[text]]></MsgType>
<Content><![CDATA[聊天]]></Content>
<MsgId>6355735352926604263</MsgId>
</xml>

2016-11-22 18:19:13 params :
------------
Array:
message : Array ;
module : ykbl_robot ;
rule : 26 ;
priority : 0 ;
context : 1 ;

2016-11-22 18:19:13 response :
------------
Array:
FromUserName : gh_3496a9c1c454 ;
ToUserName : oKMr3srQuWpSwlzD382XDfbG8HZI ;
MsgType : text ;
Content : 天没塌呢,放心 ;

2016-11-22 18:20:08 trace :
------------
String:
<xml><ToUserName><![CDATA[gh_3496a9c1c454]]></ToUserName>
<FromUserName><![CDATA[oKMr3srQuWpSwlzD382XDfbG8HZI]]></FromUserName>
<CreateTime>1479810007</CreateTime>
<MsgType><![CDATA[text]]></MsgType>
<Content><![CDATA[exit]]></Content>
<MsgId>6355735584854838253</MsgId>
</xml>

2016-11-22 18:20:08 params :
------------
Array:
message : Array ;
module : ykbl_robot ;
rule : 26 ;
priority : 0 ;
context : 1 ;

2016-11-22 18:20:08 response :
------------
Array:
FromUserName : gh_3496a9c1c454 ;
ToUserName : oKMr3srQuWpSwlzD382XDfbG8HZI ;
MsgType : text ;
Content : 欢迎下次使用！ ;

