2016-11-21 18:30:16 trace :
------------
String:
<xml><ToUserName><![CDATA[gh_49f315fc4f71]]></ToUserName>
<FromUserName><![CDATA[odAxJwBqkhyPTtQ0qZfdjRWz4aa4]]></FromUserName>
<CreateTime>1479724216</CreateTime>
<MsgType><![CDATA[text]]></MsgType>
<Content><![CDATA[巴西]]></Content>
<MsgId>6355367115245658103</MsgId>
</xml>

2016-11-21 18:30:16 params :
------------
Array:
message : Array ;
module : weisrc_pano ;
rule : 25 ;
priority : 0 ;
keyword : Array ;

2016-11-21 18:30:16 response :
------------
Array:
FromUserName : gh_49f315fc4f71 ;
ToUserName : odAxJwBqkhyPTtQ0qZfdjRWz4aa4 ;
MsgType : news ;
ArticleCount : 1 ;
Articles : Array ;

